{"/Users/rome/Projects/Mobile/cryptoApp/src/application/services/CryptoService.ts": {"path":"/Users/rome/Projects/Mobile/cryptoApp/src/application/services/CryptoService.ts","statementMap":{"0":{"start":{"line":1,"column":16},"end":{"line":1,"column":47}},"1":{"start":{"line":3,"column":20},"end":{"line":6,"column":1}}},"fnMap":{},"branchMap":{},"s":{"0":5,"1":5},"f":{},"b":{},"_coverageSchema":"1a1c01bbd47fc00a2c39e90264f33305004495a9","hash":"a7a643e4a306d73406c7b1444f18df5a66a92869"}
,"/Users/rome/Projects/Mobile/cryptoApp/src/domain/entities/Crypto.ts": {"path":"/Users/rome/Projects/Mobile/cryptoApp/src/domain/entities/Crypto.ts","statementMap":{},"fnMap":{"0":{"name":"(anonymous_0)","decl":{"start":{"line":2,"column":2},"end":{"line":2,"column":3}},"loc":{"start":{"line":7,"column":4},"end":{"line":7,"column":7}},"line":7}},"branchMap":{},"s":{},"f":{"0":3},"b":{},"_coverageSchema":"1a1c01bbd47fc00a2c39e90264f33305004495a9","hash":"37a2bf986149dccafc93f3497696f446cc624b9f"}
,"/Users/rome/Projects/Mobile/cryptoApp/src/infrastructure/api/CryptoApi.ts": {"path":"/Users/rome/Projects/Mobile/cryptoApp/src/infrastructure/api/CryptoApi.ts","statementMap":{"0":{"start":{"line":7,"column":21},"end":{"line":7,"column":56}},"1":{"start":{"line":8,"column":17},"end":{"line":8,"column":38}},"2":{"start":{"line":9,"column":4},"end":{"line":11,"column":6}},"3":{"start":{"line":10,"column":21},"end":{"line":10,"column":92}},"4":{"start":{"line":15,"column":21},"end":{"line":15,"column":62}},"5":{"start":{"line":16,"column":17},"end":{"line":16,"column":38}},"6":{"start":{"line":17,"column":17},"end":{"line":17,"column":24}},"7":{"start":{"line":18,"column":4},"end":{"line":18,"column":83}}},"fnMap":{"0":{"name":"(anonymous_0)","decl":{"start":{"line":6,"column":2},"end":{"line":6,"column":3}},"loc":{"start":{"line":6,"column":40},"end":{"line":12,"column":3}},"line":6},"1":{"name":"(anonymous_1)","decl":{"start":{"line":10,"column":6},"end":{"line":10,"column":7}},"loc":{"start":{"line":10,"column":21},"end":{"line":10,"column":92}},"line":10},"2":{"name":"(anonymous_2)","decl":{"start":{"line":14,"column":2},"end":{"line":14,"column":3}},"loc":{"start":{"line":14,"column":58},"end":{"line":19,"column":3}},"line":14}},"branchMap":{},"s":{"0":1,"1":1,"2":1,"3":2,"4":1,"5":1,"6":1,"7":1},"f":{"0":1,"1":2,"2":1},"b":{},"_coverageSchema":"1a1c01bbd47fc00a2c39e90264f33305004495a9","hash":"1dcfb7d0c224ea982648858c529e1b9ddb791942"}
,"/Users/rome/Projects/Mobile/cryptoApp/src/ui/components/CryptoCard.tsx": {"path":"/Users/rome/Projects/Mobile/cryptoApp/src/ui/components/CryptoCard.tsx","statementMap":{"0":{"start":{"line":13,"column":34},"end":{"line":13,"column":36}},"1":{"start":{"line":14,"column":28},"end":{"line":14,"column":30}},"2":{"start":{"line":15,"column":25},"end":{"line":15,"column":67}},"3":{"start":{"line":17,"column":26},"end":{"line":39,"column":1}},"4":{"start":{"line":18,"column":17},"end":{"line":18,"column":28}},"5":{"start":{"line":20,"column":16},"end":{"line":23,"column":4}},"6":{"start":{"line":25,"column":2},"end":{"line":38,"column":4}},"7":{"start":{"line":26,"column":37},"end":{"line":26,"column":76}},"8":{"start":{"line":41,"column":15},"end":{"line":80,"column":2}}},"fnMap":{"0":{"name":"(anonymous_0)","decl":{"start":{"line":17,"column":26},"end":{"line":17,"column":27}},"loc":{"start":{"line":17,"column":76},"end":{"line":39,"column":1}},"line":17},"1":{"name":"(anonymous_1)","decl":{"start":{"line":26,"column":31},"end":{"line":26,"column":32}},"loc":{"start":{"line":26,"column":37},"end":{"line":26,"column":76}},"line":26}},"branchMap":{},"s":{"0":1,"1":1,"2":1,"3":1,"4":3,"5":3,"6":3,"7":1,"8":1},"f":{"0":3,"1":1},"b":{},"_coverageSchema":"1a1c01bbd47fc00a2c39e90264f33305004495a9","hash":"b64ff8193452203a656a8bdd0c5fd18cb4322dec"}
,"/Users/rome/Projects/Mobile/cryptoApp/src/ui/components/SearchInput.tsx": {"path":"/Users/rome/Projects/Mobile/cryptoApp/src/ui/components/SearchInput.tsx","statementMap":{"0":{"start":{"line":7,"column":27},"end":{"line":19,"column":1}},"1":{"start":{"line":8,"column":25},"end":{"line":8,"column":41}},"2":{"start":{"line":9,"column":2},"end":{"line":18,"column":4}},"3":{"start":{"line":21,"column":15},"end":{"line":39,"column":2}}},"fnMap":{"0":{"name":"(anonymous_0)","decl":{"start":{"line":7,"column":27},"end":{"line":7,"column":28}},"loc":{"start":{"line":7,"column":33},"end":{"line":19,"column":1}},"line":7}},"branchMap":{},"s":{"0":1,"1":2,"2":2,"3":1},"f":{"0":2},"b":{},"_coverageSchema":"1a1c01bbd47fc00a2c39e90264f33305004495a9","hash":"74abeeb1f57ee0f4705f7e18dd1a97faa9dc0574"}
,"/Users/rome/Projects/Mobile/cryptoApp/src/ui/screens/CryptoDetail/CryptoDetail.Presenter.ts": {"path":"/Users/rome/Projects/Mobile/cryptoApp/src/ui/screens/CryptoDetail/CryptoDetail.Presenter.ts","statementMap":{"0":{"start":{"line":6,"column":30},"end":{"line":46,"column":1}},"1":{"start":{"line":7,"column":30},"end":{"line":7,"column":59}},"2":{"start":{"line":8,"column":32},"end":{"line":8,"column":46}},"3":{"start":{"line":10,"column":18},"end":{"line":10,"column":55}},"4":{"start":{"line":11,"column":21},"end":{"line":11,"column":59}},"5":{"start":{"line":13,"column":2},"end":{"line":22,"column":11}},"6":{"start":{"line":14,"column":24},"end":{"line":20,"column":5}},"7":{"start":{"line":15,"column":6},"end":{"line":15,"column":22}},"8":{"start":{"line":15,"column":15},"end":{"line":15,"column":22}},"9":{"start":{"line":16,"column":18},"end":{"line":16,"column":33}},"10":{"start":{"line":17,"column":19},"end":{"line":17,"column":46}},"11":{"start":{"line":18,"column":6},"end":{"line":18,"column":22}},"12":{"start":{"line":19,"column":6},"end":{"line":19,"column":24}},"13":{"start":{"line":21,"column":4},"end":{"line":21,"column":18}},"14":{"start":{"line":24,"column":2},"end":{"line":38,"column":15}},"15":{"start":{"line":25,"column":4},"end":{"line":37,"column":5}},"16":{"start":{"line":26,"column":6},"end":{"line":30,"column":17}},"17":{"start":{"line":32,"column":6},"end":{"line":36,"column":17}},"18":{"start":{"line":40,"column":2},"end":{"line":45,"column":3}}},"fnMap":{"0":{"name":"(anonymous_0)","decl":{"start":{"line":6,"column":30},"end":{"line":6,"column":31}},"loc":{"start":{"line":6,"column":70},"end":{"line":46,"column":1}},"line":6},"1":{"name":"(anonymous_1)","decl":{"start":{"line":13,"column":12},"end":{"line":13,"column":13}},"loc":{"start":{"line":13,"column":18},"end":{"line":22,"column":3}},"line":13},"2":{"name":"(anonymous_2)","decl":{"start":{"line":14,"column":24},"end":{"line":14,"column":25}},"loc":{"start":{"line":14,"column":36},"end":{"line":20,"column":5}},"line":14},"3":{"name":"(anonymous_3)","decl":{"start":{"line":24,"column":12},"end":{"line":24,"column":13}},"loc":{"start":{"line":24,"column":18},"end":{"line":38,"column":3}},"line":24}},"branchMap":{"0":{"loc":{"start":{"line":15,"column":6},"end":{"line":15,"column":22}},"type":"if","locations":[{"start":{"line":15,"column":6},"end":{"line":15,"column":22}},{"start":{},"end":{}}],"line":15},"1":{"loc":{"start":{"line":25,"column":4},"end":{"line":37,"column":5}},"type":"if","locations":[{"start":{"line":25,"column":4},"end":{"line":37,"column":5}},{"start":{},"end":{}}],"line":25}},"s":{"0":1,"1":2,"2":2,"3":2,"4":2,"5":2,"6":2,"7":2,"8":2,"9":0,"10":0,"11":0,"12":0,"13":2,"14":2,"15":2,"16":0,"17":0,"18":2},"f":{"0":2,"1":2,"2":2,"3":2},"b":{"0":[2,0],"1":[0,2]},"_coverageSchema":"1a1c01bbd47fc00a2c39e90264f33305004495a9","hash":"c7af55d23accd77e0f805f2ac92dc695b1eb54c0"}
,"/Users/rome/Projects/Mobile/cryptoApp/src/ui/screens/CryptoDetail/CryptoDetailScreen.tsx": {"path":"/Users/rome/Projects/Mobile/cryptoApp/src/ui/screens/CryptoDetail/CryptoDetailScreen.tsx","statementMap":{"0":{"start":{"line":8,"column":51},"end":{"line":8,"column":80}},"1":{"start":{"line":10,"column":2},"end":{"line":12,"column":3}},"2":{"start":{"line":11,"column":4},"end":{"line":11,"column":86}},"3":{"start":{"line":14,"column":2},"end":{"line":16,"column":3}},"4":{"start":{"line":15,"column":4},"end":{"line":15,"column":67}},"5":{"start":{"line":18,"column":2},"end":{"line":37,"column":4}},"6":{"start":{"line":40,"column":21},"end":{"line":40,"column":23}},"7":{"start":{"line":42,"column":15},"end":{"line":76,"column":2}}},"fnMap":{"0":{"name":"CryptoDetailScreen","decl":{"start":{"line":7,"column":24},"end":{"line":7,"column":42}},"loc":{"start":{"line":7,"column":79},"end":{"line":38,"column":1}},"line":7}},"branchMap":{"0":{"loc":{"start":{"line":10,"column":2},"end":{"line":12,"column":3}},"type":"if","locations":[{"start":{"line":10,"column":2},"end":{"line":12,"column":3}},{"start":{},"end":{}}],"line":10},"1":{"loc":{"start":{"line":14,"column":2},"end":{"line":16,"column":3}},"type":"if","locations":[{"start":{"line":14,"column":2},"end":{"line":16,"column":3}},{"start":{},"end":{}}],"line":14}},"s":{"0":3,"1":3,"2":1,"3":2,"4":1,"5":1,"6":1,"7":1},"f":{"0":3},"b":{"0":[1,2],"1":[1,1]},"_coverageSchema":"1a1c01bbd47fc00a2c39e90264f33305004495a9","hash":"5f0e8f4bb8cb9bf357f6cd81a90fe07df41271c5"}
,"/Users/rome/Projects/Mobile/cryptoApp/src/ui/screens/CryptoList/CryptoList.Presenter.ts": {"path":"/Users/rome/Projects/Mobile/cryptoApp/src/ui/screens/CryptoList/CryptoList.Presenter.ts","statementMap":{"0":{"start":{"line":5,"column":28},"end":{"line":20,"column":1}},"1":{"start":{"line":6,"column":55},"end":{"line":6,"column":71}},"2":{"start":{"line":7,"column":18},"end":{"line":7,"column":61}},"3":{"start":{"line":9,"column":2},"end":{"line":11,"column":9}},"4":{"start":{"line":10,"column":4},"end":{"line":10,"column":19}},"5":{"start":{"line":13,"column":19},"end":{"line":13,"column":93}},"6":{"start":{"line":13,"column":41},"end":{"line":13,"column":92}},"7":{"start":{"line":15,"column":2},"end":{"line":19,"column":3}}},"fnMap":{"0":{"name":"(anonymous_0)","decl":{"start":{"line":5,"column":28},"end":{"line":5,"column":29}},"loc":{"start":{"line":5,"column":34},"end":{"line":20,"column":1}},"line":5},"1":{"name":"(anonymous_1)","decl":{"start":{"line":9,"column":12},"end":{"line":9,"column":13}},"loc":{"start":{"line":9,"column":18},"end":{"line":11,"column":3}},"line":9},"2":{"name":"(anonymous_2)","decl":{"start":{"line":13,"column":34},"end":{"line":13,"column":35}},"loc":{"start":{"line":13,"column":41},"end":{"line":13,"column":92}},"line":13}},"branchMap":{},"s":{"0":2,"1":3,"2":3,"3":3,"4":3,"5":3,"6":5,"7":3},"f":{"0":3,"1":3,"2":5},"b":{},"_coverageSchema":"1a1c01bbd47fc00a2c39e90264f33305004495a9","hash":"d59c00cacee95570acffe63f94c5700037c022d0"}
,"/Users/rome/Projects/Mobile/cryptoApp/src/ui/screens/CryptoList/CryptoListScreen.tsx": {"path":"/Users/rome/Projects/Mobile/cryptoApp/src/ui/screens/CryptoList/CryptoListScreen.tsx","statementMap":{"0":{"start":{"line":8,"column":32},"end":{"line":31,"column":1}},"1":{"start":{"line":9,"column":43},"end":{"line":9,"column":64}},"2":{"start":{"line":11,"column":2},"end":{"line":13,"column":3}},"3":{"start":{"line":12,"column":4},"end":{"line":12,"column":86}},"4":{"start":{"line":15,"column":2},"end":{"line":30,"column":4}},"5":{"start":{"line":20,"column":32},"end":{"line":20,"column":39}},"6":{"start":{"line":23,"column":10},"end":{"line":23,"column":70}},"7":{"start":{"line":33,"column":15},"end":{"line":39,"column":2}}},"fnMap":{"0":{"name":"(anonymous_0)","decl":{"start":{"line":8,"column":32},"end":{"line":8,"column":33}},"loc":{"start":{"line":8,"column":38},"end":{"line":31,"column":1}},"line":8},"1":{"name":"(anonymous_1)","decl":{"start":{"line":20,"column":22},"end":{"line":20,"column":23}},"loc":{"start":{"line":20,"column":32},"end":{"line":20,"column":39}},"line":20},"2":{"name":"(anonymous_2)","decl":{"start":{"line":22,"column":20},"end":{"line":22,"column":21}},"loc":{"start":{"line":23,"column":10},"end":{"line":23,"column":70}},"line":23}},"branchMap":{"0":{"loc":{"start":{"line":11,"column":2},"end":{"line":13,"column":3}},"type":"if","locations":[{"start":{"line":11,"column":2},"end":{"line":13,"column":3}},{"start":{},"end":{}}],"line":11}},"s":{"0":1,"1":2,"2":2,"3":1,"4":1,"5":3,"6":2,"7":1},"f":{"0":2,"1":3,"2":2},"b":{"0":[1,1]},"_coverageSchema":"1a1c01bbd47fc00a2c39e90264f33305004495a9","hash":"3bcaea1191f569a6152ff6c1b9a7ba47abe8e726"}
,"/Users/rome/Projects/Mobile/cryptoApp/src/ui/stores/useCryptoStore.ts": {"path":"/Users/rome/Projects/Mobile/cryptoApp/src/ui/stores/useCryptoStore.ts","statementMap":{"0":{"start":{"line":5,"column":18},"end":{"line":5,"column":33}},"1":{"start":{"line":15,"column":30},"end":{"line":25,"column":3}},"2":{"start":{"line":15,"column":60},"end":{"line":25,"column":1}},"3":{"start":{"line":19,"column":23},"end":{"line":19,"column":44}},"4":{"start":{"line":21,"column":4},"end":{"line":21,"column":29}},"5":{"start":{"line":22,"column":17},"end":{"line":22,"column":45}},"6":{"start":{"line":23,"column":4},"end":{"line":23,"column":45}}},"fnMap":{"0":{"name":"(anonymous_0)","decl":{"start":{"line":15,"column":50},"end":{"line":15,"column":51}},"loc":{"start":{"line":15,"column":60},"end":{"line":25,"column":1}},"line":15},"1":{"name":"(anonymous_1)","decl":{"start":{"line":19,"column":13},"end":{"line":19,"column":14}},"loc":{"start":{"line":19,"column":23},"end":{"line":19,"column":44}},"line":19},"2":{"name":"(anonymous_2)","decl":{"start":{"line":20,"column":16},"end":{"line":20,"column":17}},"loc":{"start":{"line":20,"column":28},"end":{"line":24,"column":3}},"line":20}},"branchMap":{},"s":{"0":3,"1":3,"2":3,"3":1,"4":2,"5":2,"6":2},"f":{"0":3,"1":1,"2":2},"b":{},"_coverageSchema":"1a1c01bbd47fc00a2c39e90264f33305004495a9","hash":"bdaf20f03d35c11e632f559193fa2ae92c4e1455"}
,"/Users/rome/Projects/Mobile/cryptoApp/src/utilities/color.ts": {"path":"/Users/rome/Projects/Mobile/cryptoApp/src/utilities/color.ts","statementMap":{"0":{"start":{"line":1,"column":22},"end":{"line":7,"column":1}}},"fnMap":{},"branchMap":{},"s":{"0":4},"f":{},"b":{},"_coverageSchema":"1a1c01bbd47fc00a2c39e90264f33305004495a9","hash":"cbcc9d0d97fd41fc0a2eb738c0502438ef901e60"}
}
